[2026-07-23 23:00:03] [INFO] [SmartSchedulingPhase2:main_phase2.py:33] - ======================================================================
[2026-07-23 23:00:03] [INFO] [SmartSchedulingPhase2:main_phase2.py:34] - Starting Phase 2 Execution: Energy Demand Forecasting System (XGBoost)
[2026-07-23 23:00:03] [INFO] [SmartSchedulingPhase2:main_phase2.py:35] - ======================================================================
[2026-07-23 23:00:03] [INFO] [SmartSchedulingPhase2:main_phase2.py:46] - Loading processed feature-engineered energy dataset from: D:\ma project\Smart-Machine-Scheduling-for-Energy-and-Process-Optimization\data\processed\energy_engineered.csv
[2026-07-23 23:00:04] [INFO] [SmartSchedulingPhase2:main_phase2.py:50] - Step 1/6: Preparing features and executing chronological train/test split...
[2026-07-23 23:00:04] [INFO] [SmartSchedulingPhase2:main_phase2.py:65] - Step 2/6: Training XGBoost Regressor model...
[2026-07-23 23:00:06] [INFO] [SmartSchedulingPhase2:main_phase2.py:76] - Step 3/6: Evaluating model predictions on test evaluation set...
[2026-07-23 23:00:06] [INFO] [SmartSchedulingPhase2:main_phase2.py:82] - Step 4/6: Exporting test predictions and generating 24h future energy forecast...
[2026-07-23 23:00:06] [INFO] [SmartSchedulingPhase2:main_phase2.py:102] - Step 5/6: Extracting feature importances...
[2026-07-23 23:00:06] [INFO] [SmartSchedulingPhase2:main_phase2.py:106] - Step 6/6: Generating forecast visualization suite...
[2026-07-23 23:00:12] [INFO] [SmartSchedulingPhase2:main_phase2.py:115] - Writing comprehensive markdown forecasting report...
[2026-07-23 23:00:12] [INFO] [SmartSchedulingPhase2:main_phase2.py:128] - ======================================================================
[2026-07-23 23:00:12] [INFO] [SmartSchedulingPhase2:main_phase2.py:129] - PHASE 2 EXECUTION COMPLETE SUCCESSFULLY!
[2026-07-23 23:00:12] [INFO] [SmartSchedulingPhase2:main_phase2.py:130] - Model Artifact:    D:\ma project\Smart-Machine-Scheduling-for-Energy-and-Process-Optimization\models\energy_xgb_model.joblib
[2026-07-23 23:00:12] [INFO] [SmartSchedulingPhase2:main_phase2.py:131] - Predictions CSV:   D:\ma project\Smart-Machine-Scheduling-for-Energy-and-Process-Optimization\outputs\forecasting\predictions.csv
[2026-07-23 23:00:12] [INFO] [SmartSchedulingPhase2:main_phase2.py:132] - Forecast Figures:  D:\ma project\Smart-Machine-Scheduling-for-Energy-and-Process-Optimization\outputs\forecasting
[2026-07-23 23:00:12] [INFO] [SmartSchedulingPhase2:main_phase2.py:133] - Summary Report:    D:\ma project\Smart-Machine-Scheduling-for-Energy-and-Process-Optimization\outputs\reports\forecasting_report.md
[2026-07-23 23:00:12] [INFO] [SmartSchedulingPhase2:main_phase2.py:134] - Ready for Phase 3: Machine Scheduling & Energy Cost Optimization.
[2026-07-23 23:00:12] [INFO] [SmartSchedulingPhase2:main_phase2.py:135] - ======================================================================
[2026-07-24 09:45:01] [INFO] [SmartSchedulingPhase2:main_phase2.py:33] - ======================================================================
[2026-07-24 09:45:01] [INFO] [SmartSchedulingPhase2:main_phase2.py:34] - Starting Phase 2 Execution: Energy Demand Forecasting System (XGBoost)
[2026-07-24 09:45:01] [INFO] [SmartSchedulingPhase2:main_phase2.py:35] - ======================================================================
[2026-07-24 09:45:01] [INFO] [SmartSchedulingPhase2:main_phase2.py:46] - Loading processed feature-engineered energy dataset from: D:\ma project\Smart-Machine-Scheduling-for-Energy-and-Process-Optimization\data\processed\energy_engineered.csv
[2026-07-24 09:45:01] [INFO] [SmartSchedulingPhase2:main_phase2.py:50] - Step 1/6: Preparing features and executing chronological train/test split...
[2026-07-24 09:45:01] [INFO] [SmartSchedulingPhase2:main_phase2.py:65] - Step 2/6: Training XGBoost Regressor model...
[2026-07-24 09:45:03] [INFO] [SmartSchedulingPhase2:main_phase2.py:76] - Step 3/6: Evaluating model predictions on test evaluation set...
[2026-07-24 09:45:03] [INFO] [SmartSchedulingPhase2:main_phase2.py:82] - Step 4/6: Exporting test predictions and generating 24h future energy forecast...
[2026-07-24 09:45:03] [INFO] [SmartSchedulingPhase2:main_phase2.py:102] - Step 5/6: Extracting feature importances...
[2026-07-24 09:45:03] [INFO] [SmartSchedulingPhase2:main_phase2.py:106] - Step 6/6: Generating forecast visualization suite...
[2026-07-24 09:45:07] [INFO] [SmartSchedulingPhase2:main_phase2.py:115] - Writing comprehensive markdown forecasting report...
[2026-07-24 09:45:07] [INFO] [SmartSchedulingPhase2:main_phase2.py:128] - ======================================================================
[2026-07-24 09:45:07] [INFO] [SmartSchedulingPhase2:main_phase2.py:129] - PHASE 2 EXECUTION COMPLETE SUCCESSFULLY!
[2026-07-24 09:45:07] [INFO] [SmartSchedulingPhase2:main_phase2.py:130] - Model Artifact:    D:\ma project\Smart-Machine-Scheduling-for-Energy-and-Process-Optimization\models\energy_xgb_model.joblib
[2026-07-24 09:45:07] [INFO] [SmartSchedulingPhase2:main_phase2.py:131] - Predictions CSV:   D:\ma project\Smart-Machine-Scheduling-for-Energy-and-Process-Optimization\outputs\forecasting\predictions.csv
[2026-07-24 09:45:07] [INFO] [SmartSchedulingPhase2:main_phase2.py:132] - Forecast Figures:  D:\ma project\Smart-Machine-Scheduling-for-Energy-and-Process-Optimization\outputs\forecasting
[2026-07-24 09:45:07] [INFO] [SmartSchedulingPhase2:main_phase2.py:133] - Summary Report:    D:\ma project\Smart-Machine-Scheduling-for-Energy-and-Process-Optimization\outputs\reports\forecasting_report.md
[2026-07-24 09:45:07] [INFO] [SmartSchedulingPhase2:main_phase2.py:134] - Ready for Phase 3: Machine Scheduling & Energy Cost Optimization.
[2026-07-24 09:45:07] [INFO] [SmartSchedulingPhase2:main_phase2.py:135] - ======================================================================
[2026-07-24 09:52:30] [INFO] [SmartSchedulingPhase2:main_phase2.py:33] - ======================================================================
[2026-07-24 09:52:30] [INFO] [SmartSchedulingPhase2:main_phase2.py:34] - Starting Phase 2 Execution: Energy Demand Forecasting System (XGBoost)
[2026-07-24 09:52:30] [INFO] [SmartSchedulingPhase2:main_phase2.py:35] - ======================================================================
[2026-07-24 09:52:30] [INFO] [SmartSchedulingPhase2:main_phase2.py:46] - Loading processed feature-engineered energy dataset from: D:\ma project\Smart-Machine-Scheduling-for-Energy-and-Process-Optimization\data\processed\energy_engineered.csv
[2026-07-24 09:52:30] [INFO] [SmartSchedulingPhase2:main_phase2.py:50] - Step 1/6: Preparing features and executing chronological train/test split...
[2026-07-24 09:52:30] [INFO] [SmartSchedulingPhase2:main_phase2.py:65] - Step 2/6: Training XGBoost Regressor model...
[2026-07-24 09:52:32] [INFO] [SmartSchedulingPhase2:main_phase2.py:76] - Step 3/6: Evaluating model predictions on test evaluation set...
[2026-07-24 09:52:32] [INFO] [SmartSchedulingPhase2:main_phase2.py:82] - Step 4/6: Exporting test predictions and generating 24h future energy forecast...
[2026-07-24 09:52:32] [INFO] [SmartSchedulingPhase2:main_phase2.py:102] - Step 5/6: Extracting feature importances...
[2026-07-24 09:52:32] [INFO] [SmartSchedulingPhase2:main_phase2.py:106] - Step 6/6: Generating forecast visualization suite...
[2026-07-24 09:52:35] [INFO] [SmartSchedulingPhase2:main_phase2.py:115] - Writing comprehensive markdown forecasting report...
[2026-07-24 09:52:35] [INFO] [SmartSchedulingPhase2:main_phase2.py:128] - ======================================================================
[2026-07-24 09:52:35] [INFO] [SmartSchedulingPhase2:main_phase2.py:129] - PHASE 2 EXECUTION COMPLETE SUCCESSFULLY!
[2026-07-24 09:52:35] [INFO] [SmartSchedulingPhase2:main_phase2.py:130] - Model Artifact:    D:\ma project\Smart-Machine-Scheduling-for-Energy-and-Process-Optimization\models\energy_xgb_model.joblib
[2026-07-24 09:52:35] [INFO] [SmartSchedulingPhase2:main_phase2.py:131] - Predictions CSV:   D:\ma project\Smart-Machine-Scheduling-for-Energy-and-Process-Optimization\outputs\forecasting\predictions.csv
[2026-07-24 09:52:35] [INFO] [SmartSchedulingPhase2:main_phase2.py:132] - Forecast Figures:  D:\ma project\Smart-Machine-Scheduling-for-Energy-and-Process-Optimization\outputs\forecasting
[2026-07-24 09:52:35] [INFO] [SmartSchedulingPhase2:main_phase2.py:133] - Summary Report:    D:\ma project\Smart-Machine-Scheduling-for-Energy-and-Process-Optimization\outputs\reports\forecasting_report.md
[2026-07-24 09:52:35] [INFO] [SmartSchedulingPhase2:main_phase2.py:134] - Ready for Phase 3: Machine Scheduling & Energy Cost Optimization.
[2026-07-24 09:52:35] [INFO] [SmartSchedulingPhase2:main_phase2.py:135] - ======================================================================
[2026-07-24 09:58:00] [INFO] [SmartSchedulingPhase2:main_phase2.py:33] - ======================================================================
[2026-07-24 09:58:00] [INFO] [SmartSchedulingPhase2:main_phase2.py:34] - Starting Phase 2 Execution: Energy Demand Forecasting System (XGBoost)
[2026-07-24 09:58:00] [INFO] [SmartSchedulingPhase2:main_phase2.py:35] - ======================================================================
[2026-07-24 09:58:00] [INFO] [SmartSchedulingPhase2:main_phase2.py:46] - Loading processed feature-engineered energy dataset from: D:\ma project\Smart-Machine-Scheduling-for-Energy-and-Process-Optimization\data\processed\energy_engineered.csv
[2026-07-24 09:58:00] [INFO] [SmartSchedulingPhase2:main_phase2.py:50] - Step 1/6: Preparing features and executing chronological train/test split...
[2026-07-24 09:58:00] [INFO] [SmartSchedulingPhase2:main_phase2.py:65] - Step 2/6: Training XGBoost Regressor model...
[2026-07-24 09:59:54] [INFO] [SmartSchedulingPhase2:main_phase2.py:33] - ======================================================================
[2026-07-24 09:59:54] [INFO] [SmartSchedulingPhase2:main_phase2.py:34] - Starting Phase 2 Execution: Energy Demand Forecasting System (XGBoost)
[2026-07-24 09:59:54] [INFO] [SmartSchedulingPhase2:main_phase2.py:35] - ======================================================================
[2026-07-24 09:59:54] [INFO] [SmartSchedulingPhase2:main_phase2.py:46] - Loading processed feature-engineered energy dataset from: D:\ma project\Smart-Machine-Scheduling-for-Energy-and-Process-Optimization\data\processed\energy_engineered.csv
[2026-07-24 09:59:55] [INFO] [SmartSchedulingPhase2:main_phase2.py:50] - Step 1/6: Preparing features and executing chronological train/test split...
[2026-07-24 09:59:55] [INFO] [SmartSchedulingPhase2:main_phase2.py:65] - Step 2/6: Training XGBoost Regressor model...
[2026-07-24 09:59:56] [INFO] [SmartSchedulingPhase2:main_phase2.py:76] - Step 3/6: Evaluating model predictions on test evaluation set...
[2026-07-24 09:59:56] [INFO] [SmartSchedulingPhase2:main_phase2.py:82] - Step 4/6: Exporting test predictions and generating 24h future energy forecast...
[2026-07-24 09:59:57] [INFO] [SmartSchedulingPhase2:main_phase2.py:102] - Step 5/6: Extracting feature importances...
[2026-07-24 09:59:57] [INFO] [SmartSchedulingPhase2:main_phase2.py:106] - Step 6/6: Generating forecast visualization suite...
[2026-07-24 09:59:59] [INFO] [SmartSchedulingPhase2:main_phase2.py:115] - Writing comprehensive markdown forecasting report...
[2026-07-24 09:59:59] [INFO] [SmartSchedulingPhase2:main_phase2.py:128] - ======================================================================
[2026-07-24 09:59:59] [INFO] [SmartSchedulingPhase2:main_phase2.py:129] - PHASE 2 EXECUTION COMPLETE SUCCESSFULLY!
[2026-07-24 09:59:59] [INFO] [SmartSchedulingPhase2:main_phase2.py:130] - Model Artifact:    D:\ma project\Smart-Machine-Scheduling-for-Energy-and-Process-Optimization\models\energy_xgb_model.joblib
[2026-07-24 09:59:59] [INFO] [SmartSchedulingPhase2:main_phase2.py:131] - Predictions CSV:   D:\ma project\Smart-Machine-Scheduling-for-Energy-and-Process-Optimization\outputs\forecasting\predictions.csv
[2026-07-24 09:59:59] [INFO] [SmartSchedulingPhase2:main_phase2.py:132] - Forecast Figures:  D:\ma project\Smart-Machine-Scheduling-for-Energy-and-Process-Optimization\outputs\forecasting
[2026-07-24 09:59:59] [INFO] [SmartSchedulingPhase2:main_phase2.py:133] - Summary Report:    D:\ma project\Smart-Machine-Scheduling-for-Energy-and-Process-Optimization\outputs\reports\forecasting_report.md
[2026-07-24 09:59:59] [INFO] [SmartSchedulingPhase2:main_phase2.py:134] - Ready for Phase 3: Machine Scheduling & Energy Cost Optimization.
[2026-07-24 09:59:59] [INFO] [SmartSchedulingPhase2:main_phase2.py:135] - ======================================================================
[2026-07-24 10:08:14] [INFO] [SmartSchedulingPhase2:main_phase2.py:33] - ======================================================================
[2026-07-24 10:08:14] [INFO] [SmartSchedulingPhase2:main_phase2.py:34] - Starting Phase 2 Execution: Energy Demand Forecasting System (XGBoost)
[2026-07-24 10:08:14] [INFO] [SmartSchedulingPhase2:main_phase2.py:35] - ======================================================================
[2026-07-24 10:08:14] [INFO] [SmartSchedulingPhase2:main_phase2.py:46] - Loading processed feature-engineered energy dataset from: D:\ma project\Smart-Machine-Scheduling-for-Energy-and-Process-Optimization\data\processed\energy_engineered.csv
[2026-07-24 10:08:14] [INFO] [SmartSchedulingPhase2:main_phase2.py:50] - Step 1/6: Preparing features and executing chronological train/test split...
[2026-07-24 10:08:14] [INFO] [SmartSchedulingPhase2:main_phase2.py:65] - Step 2/6: Training XGBoost Regressor model...
[2026-07-24 10:08:16] [INFO] [SmartSchedulingPhase2:main_phase2.py:76] - Step 3/6: Evaluating model predictions on test evaluation set...
[2026-07-24 10:08:16] [INFO] [SmartSchedulingPhase2:main_phase2.py:82] - Step 4/6: Exporting test predictions and generating 24h future energy forecast...
[2026-07-24 10:08:17] [INFO] [SmartSchedulingPhase2:main_phase2.py:102] - Step 5/6: Extracting feature importances...
[2026-07-24 10:08:17] [INFO] [SmartSchedulingPhase2:main_phase2.py:106] - Step 6/6: Generating forecast visualization suite...
[2026-07-24 10:08:19] [INFO] [SmartSchedulingPhase2:main_phase2.py:115] - Writing comprehensive markdown forecasting report...
[2026-07-24 10:08:19] [INFO] [SmartSchedulingPhase2:main_phase2.py:128] - ======================================================================
[2026-07-24 10:08:19] [INFO] [SmartSchedulingPhase2:main_phase2.py:129] - PHASE 2 EXECUTION COMPLETE SUCCESSFULLY!
[2026-07-24 10:08:19] [INFO] [SmartSchedulingPhase2:main_phase2.py:130] - Model Artifact:    D:\ma project\Smart-Machine-Scheduling-for-Energy-and-Process-Optimization\models\energy_xgb_model.joblib
[2026-07-24 10:08:19] [INFO] [SmartSchedulingPhase2:main_phase2.py:131] - Predictions CSV:   D:\ma project\Smart-Machine-Scheduling-for-Energy-and-Process-Optimization\outputs\forecasting\predictions.csv
[2026-07-24 10:08:19] [INFO] [SmartSchedulingPhase2:main_phase2.py:132] - Forecast Figures:  D:\ma project\Smart-Machine-Scheduling-for-Energy-and-Process-Optimization\outputs\forecasting
[2026-07-24 10:08:19] [INFO] [SmartSchedulingPhase2:main_phase2.py:133] - Summary Report:    D:\ma project\Smart-Machine-Scheduling-for-Energy-and-Process-Optimization\outputs\reports\forecasting_report.md
[2026-07-24 10:08:19] [INFO] [SmartSchedulingPhase2:main_phase2.py:134] - Ready for Phase 3: Machine Scheduling & Energy Cost Optimization.
[2026-07-24 10:08:19] [INFO] [SmartSchedulingPhase2:main_phase2.py:135] - ======================================================================
[2026-07-24 10:16:31] [INFO] [SmartSchedulingPhase2:main_phase2.py:33] - ======================================================================
[2026-07-24 10:16:31] [INFO] [SmartSchedulingPhase2:main_phase2.py:34] - Starting Phase 2 Execution: Energy Demand Forecasting System (XGBoost)
[2026-07-24 10:16:31] [INFO] [SmartSchedulingPhase2:main_phase2.py:35] - ======================================================================
[2026-07-24 10:16:31] [INFO] [SmartSchedulingPhase2:main_phase2.py:46] - Loading processed feature-engineered energy dataset from: D:\ma project\Smart-Machine-Scheduling-for-Energy-and-Process-Optimization\data\processed\energy_engineered.csv
[2026-07-24 10:16:31] [INFO] [SmartSchedulingPhase2:main_phase2.py:50] - Step 1/6: Preparing features and executing chronological train/test split...
[2026-07-24 10:16:31] [INFO] [SmartSchedulingPhase2:main_phase2.py:65] - Step 2/6: Training XGBoost Regressor model...
[2026-07-24 10:16:33] [INFO] [SmartSchedulingPhase2:main_phase2.py:76] - Step 3/6: Evaluating model predictions on test evaluation set...
[2026-07-24 10:16:33] [INFO] [SmartSchedulingPhase2:main_phase2.py:82] - Step 4/6: Exporting test predictions and generating 24h future energy forecast...
[2026-07-24 10:16:33] [INFO] [SmartSchedulingPhase2:main_phase2.py:102] - Step 5/6: Extracting feature importances...
[2026-07-24 10:16:33] [INFO] [SmartSchedulingPhase2:main_phase2.py:106] - Step 6/6: Generating forecast visualization suite...
[2026-07-24 10:16:36] [INFO] [SmartSchedulingPhase2:main_phase2.py:115] - Writing comprehensive markdown forecasting report...
[2026-07-24 10:16:36] [INFO] [SmartSchedulingPhase2:main_phase2.py:128] - ======================================================================
[2026-07-24 10:16:36] [INFO] [SmartSchedulingPhase2:main_phase2.py:129] - PHASE 2 EXECUTION COMPLETE SUCCESSFULLY!
[2026-07-24 10:16:36] [INFO] [SmartSchedulingPhase2:main_phase2.py:130] - Model Artifact:    D:\ma project\Smart-Machine-Scheduling-for-Energy-and-Process-Optimization\models\energy_xgb_model.joblib
[2026-07-24 10:16:36] [INFO] [SmartSchedulingPhase2:main_phase2.py:131] - Predictions CSV:   D:\ma project\Smart-Machine-Scheduling-for-Energy-and-Process-Optimization\outputs\forecasting\predictions.csv
[2026-07-24 10:16:36] [INFO] [SmartSchedulingPhase2:main_phase2.py:132] - Forecast Figures:  D:\ma project\Smart-Machine-Scheduling-for-Energy-and-Process-Optimization\outputs\forecasting
[2026-07-24 10:16:36] [INFO] [SmartSchedulingPhase2:main_phase2.py:133] - Summary Report:    D:\ma project\Smart-Machine-Scheduling-for-Energy-and-Process-Optimization\outputs\reports\forecasting_report.md
[2026-07-24 10:16:36] [INFO] [SmartSchedulingPhase2:main_phase2.py:134] - Ready for Phase 3: Machine Scheduling & Energy Cost Optimization.
[2026-07-24 10:16:36] [INFO] [SmartSchedulingPhase2:main_phase2.py:135] - ======================================================================
[2026-07-24 10:26:56] [INFO] [SmartSchedulingPhase2:main_phase2.py:33] - ======================================================================
[2026-07-24 10:26:56] [INFO] [SmartSchedulingPhase2:main_phase2.py:34] - Starting Phase 2 Execution: Energy Demand Forecasting System (XGBoost)
[2026-07-24 10:26:56] [INFO] [SmartSchedulingPhase2:main_phase2.py:35] - ======================================================================
[2026-07-24 10:26:56] [INFO] [SmartSchedulingPhase2:main_phase2.py:46] - Loading processed feature-engineered energy dataset from: D:\ma project\Smart-Machine-Scheduling-for-Energy-and-Process-Optimization\data\processed\energy_engineered.csv
[2026-07-24 10:26:56] [INFO] [SmartSchedulingPhase2:main_phase2.py:50] - Step 1/6: Preparing features and executing chronological train/test split...
[2026-07-24 10:26:56] [INFO] [SmartSchedulingPhase2:main_phase2.py:65] - Step 2/6: Training XGBoost Regressor model...
[2026-07-24 10:26:57] [INFO] [SmartSchedulingPhase2:main_phase2.py:76] - Step 3/6: Evaluating model predictions on test evaluation set...
[2026-07-24 10:26:57] [INFO] [SmartSchedulingPhase2:main_phase2.py:82] - Step 4/6: Exporting test predictions and generating 24h future energy forecast...
[2026-07-24 10:26:58] [INFO] [SmartSchedulingPhase2:main_phase2.py:102] - Step 5/6: Extracting feature importances...
[2026-07-24 10:26:58] [INFO] [SmartSchedulingPhase2:main_phase2.py:106] - Step 6/6: Generating forecast visualization suite...
[2026-07-24 10:27:00] [INFO] [SmartSchedulingPhase2:main_phase2.py:115] - Writing comprehensive markdown forecasting report...
[2026-07-24 10:27:00] [INFO] [SmartSchedulingPhase2:main_phase2.py:128] - ======================================================================
[2026-07-24 10:27:00] [INFO] [SmartSchedulingPhase2:main_phase2.py:129] - PHASE 2 EXECUTION COMPLETE SUCCESSFULLY!
[2026-07-24 10:27:00] [INFO] [SmartSchedulingPhase2:main_phase2.py:130] - Model Artifact:    D:\ma project\Smart-Machine-Scheduling-for-Energy-and-Process-Optimization\models\energy_xgb_model.joblib
[2026-07-24 10:27:00] [INFO] [SmartSchedulingPhase2:main_phase2.py:131] - Predictions CSV:   D:\ma project\Smart-Machine-Scheduling-for-Energy-and-Process-Optimization\outputs\forecasting\predictions.csv
[2026-07-24 10:27:00] [INFO] [SmartSchedulingPhase2:main_phase2.py:132] - Forecast Figures:  D:\ma project\Smart-Machine-Scheduling-for-Energy-and-Process-Optimization\outputs\forecasting
[2026-07-24 10:27:00] [INFO] [SmartSchedulingPhase2:main_phase2.py:133] - Summary Report:    D:\ma project\Smart-Machine-Scheduling-for-Energy-and-Process-Optimization\outputs\reports\forecasting_report.md
[2026-07-24 10:27:00] [INFO] [SmartSchedulingPhase2:main_phase2.py:134] - Ready for Phase 3: Machine Scheduling & Energy Cost Optimization.
[2026-07-24 10:27:00] [INFO] [SmartSchedulingPhase2:main_phase2.py:135] - ======================================================================
[2026-07-24 10:45:31] [INFO] [SmartSchedulingPhase2:main_phase2.py:33] - ======================================================================
[2026-07-24 10:45:31] [INFO] [SmartSchedulingPhase2:main_phase2.py:34] - Starting Phase 2 Execution: Energy Demand Forecasting System (XGBoost)
[2026-07-24 10:45:31] [INFO] [SmartSchedulingPhase2:main_phase2.py:35] - ======================================================================
[2026-07-24 10:45:31] [INFO] [SmartSchedulingPhase2:main_phase2.py:46] - Loading processed feature-engineered energy dataset from: D:\ma project\Smart-Machine-Scheduling-for-Energy-and-Process-Optimization\data\processed\energy_engineered.csv
[2026-07-24 10:45:32] [INFO] [SmartSchedulingPhase2:main_phase2.py:50] - Step 1/6: Preparing features and executing chronological train/test split...
[2026-07-24 10:45:32] [INFO] [SmartSchedulingPhase2:main_phase2.py:65] - Step 2/6: Training XGBoost Regressor model...
[2026-07-24 10:45:33] [INFO] [SmartSchedulingPhase2:main_phase2.py:76] - Step 3/6: Evaluating model predictions on test evaluation set...
[2026-07-24 10:45:33] [INFO] [SmartSchedulingPhase2:main_phase2.py:82] - Step 4/6: Exporting test predictions and generating 24h future energy forecast...
[2026-07-24 10:45:34] [INFO] [SmartSchedulingPhase2:main_phase2.py:102] - Step 5/6: Extracting feature importances...
[2026-07-24 10:45:34] [INFO] [SmartSchedulingPhase2:main_phase2.py:106] - Step 6/6: Generating forecast visualization suite...
[2026-07-24 10:45:37] [INFO] [SmartSchedulingPhase2:main_phase2.py:115] - Writing comprehensive markdown forecasting report...
[2026-07-24 10:45:37] [INFO] [SmartSchedulingPhase2:main_phase2.py:128] - ======================================================================
[2026-07-24 10:45:37] [INFO] [SmartSchedulingPhase2:main_phase2.py:129] - PHASE 2 EXECUTION COMPLETE SUCCESSFULLY!
[2026-07-24 10:45:37] [INFO] [SmartSchedulingPhase2:main_phase2.py:130] - Model Artifact:    D:\ma project\Smart-Machine-Scheduling-for-Energy-and-Process-Optimization\models\energy_xgb_model.joblib
[2026-07-24 10:45:37] [INFO] [SmartSchedulingPhase2:main_phase2.py:131] - Predictions CSV:   D:\ma project\Smart-Machine-Scheduling-for-Energy-and-Process-Optimization\outputs\forecasting\predictions.csv
[2026-07-24 10:45:37] [INFO] [SmartSchedulingPhase2:main_phase2.py:132] - Forecast Figures:  D:\ma project\Smart-Machine-Scheduling-for-Energy-and-Process-Optimization\outputs\forecasting
[2026-07-24 10:45:37] [INFO] [SmartSchedulingPhase2:main_phase2.py:133] - Summary Report:    D:\ma project\Smart-Machine-Scheduling-for-Energy-and-Process-Optimization\outputs\reports\forecasting_report.md
[2026-07-24 10:45:37] [INFO] [SmartSchedulingPhase2:main_phase2.py:134] - Ready for Phase 3: Machine Scheduling & Energy Cost Optimization.
[2026-07-24 10:45:37] [INFO] [SmartSchedulingPhase2:main_phase2.py:135] - ======================================================================
[2026-07-24 10:48:07] [INFO] [SmartSchedulingPhase2:main_phase2.py:33] - ======================================================================
[2026-07-24 10:48:07] [INFO] [SmartSchedulingPhase2:main_phase2.py:34] - Starting Phase 2 Execution: Energy Demand Forecasting System (XGBoost)
[2026-07-24 10:48:07] [INFO] [SmartSchedulingPhase2:main_phase2.py:35] - ======================================================================
[2026-07-24 10:48:07] [INFO] [SmartSchedulingPhase2:main_phase2.py:46] - Loading processed feature-engineered energy dataset from: D:\ma project\Smart-Machine-Scheduling-for-Energy-and-Process-Optimization\data\processed\energy_engineered.csv
[2026-07-24 10:48:07] [INFO] [SmartSchedulingPhase2:main_phase2.py:50] - Step 1/6: Preparing features and executing chronological train/test split...
[2026-07-24 10:48:07] [INFO] [SmartSchedulingPhase2:main_phase2.py:65] - Step 2/6: Training XGBoost Regressor model...
[2026-07-24 10:48:08] [INFO] [SmartSchedulingPhase2:main_phase2.py:76] - Step 3/6: Evaluating model predictions on test evaluation set...
[2026-07-24 10:48:08] [INFO] [SmartSchedulingPhase2:main_phase2.py:82] - Step 4/6: Exporting test predictions and generating 24h future energy forecast...
[2026-07-24 10:48:09] [INFO] [SmartSchedulingPhase2:main_phase2.py:102] - Step 5/6: Extracting feature importances...
[2026-07-24 10:48:09] [INFO] [SmartSchedulingPhase2:main_phase2.py:106] - Step 6/6: Generating forecast visualization suite...
[2026-07-24 10:48:12] [INFO] [SmartSchedulingPhase2:main_phase2.py:115] - Writing comprehensive markdown forecasting report...
[2026-07-24 10:48:12] [INFO] [SmartSchedulingPhase2:main_phase2.py:128] - ======================================================================
[2026-07-24 10:48:12] [INFO] [SmartSchedulingPhase2:main_phase2.py:129] - PHASE 2 EXECUTION COMPLETE SUCCESSFULLY!
[2026-07-24 10:48:12] [INFO] [SmartSchedulingPhase2:main_phase2.py:130] - Model Artifact:    D:\ma project\Smart-Machine-Scheduling-for-Energy-and-Process-Optimization\models\energy_xgb_model.joblib
[2026-07-24 10:48:12] [INFO] [SmartSchedulingPhase2:main_phase2.py:131] - Predictions CSV:   D:\ma project\Smart-Machine-Scheduling-for-Energy-and-Process-Optimization\outputs\forecasting\predictions.csv
[2026-07-24 10:48:12] [INFO] [SmartSchedulingPhase2:main_phase2.py:132] - Forecast Figures:  D:\ma project\Smart-Machine-Scheduling-for-Energy-and-Process-Optimization\outputs\forecasting
[2026-07-24 10:48:12] [INFO] [SmartSchedulingPhase2:main_phase2.py:133] - Summary Report:    D:\ma project\Smart-Machine-Scheduling-for-Energy-and-Process-Optimization\outputs\reports\forecasting_report.md
[2026-07-24 10:48:12] [INFO] [SmartSchedulingPhase2:main_phase2.py:134] - Ready for Phase 3: Machine Scheduling & Energy Cost Optimization.
[2026-07-24 10:48:12] [INFO] [SmartSchedulingPhase2:main_phase2.py:135] - ======================================================================
[2026-07-24 10:52:33] [INFO] [SmartSchedulingPhase2:main_phase2.py:33] - ======================================================================
[2026-07-24 10:52:33] [INFO] [SmartSchedulingPhase2:main_phase2.py:34] - Starting Phase 2 Execution: Energy Demand Forecasting System (XGBoost)
[2026-07-24 10:52:33] [INFO] [SmartSchedulingPhase2:main_phase2.py:35] - ======================================================================
[2026-07-24 10:52:33] [INFO] [SmartSchedulingPhase2:main_phase2.py:46] - Loading processed feature-engineered energy dataset from: D:\ma project\Smart-Machine-Scheduling-for-Energy-and-Process-Optimization\data\processed\energy_engineered.csv
[2026-07-24 10:52:33] [INFO] [SmartSchedulingPhase2:main_phase2.py:50] - Step 1/6: Preparing features and executing chronological train/test split...
[2026-07-24 10:52:34] [INFO] [SmartSchedulingPhase2:main_phase2.py:65] - Step 2/6: Training XGBoost Regressor model...
[2026-07-24 10:52:36] [INFO] [SmartSchedulingPhase2:main_phase2.py:76] - Step 3/6: Evaluating model predictions on test evaluation set...
[2026-07-24 10:52:36] [INFO] [SmartSchedulingPhase2:main_phase2.py:82] - Step 4/6: Exporting test predictions and generating 24h future energy forecast...
[2026-07-24 10:52:37] [INFO] [SmartSchedulingPhase2:main_phase2.py:102] - Step 5/6: Extracting feature importances...
[2026-07-24 10:52:37] [INFO] [SmartSchedulingPhase2:main_phase2.py:106] - Step 6/6: Generating forecast visualization suite...
[2026-07-24 10:52:40] [INFO] [SmartSchedulingPhase2:main_phase2.py:115] - Writing comprehensive markdown forecasting report...
[2026-07-24 10:52:40] [INFO] [SmartSchedulingPhase2:main_phase2.py:128] - ======================================================================
[2026-07-24 10:52:40] [INFO] [SmartSchedulingPhase2:main_phase2.py:129] - PHASE 2 EXECUTION COMPLETE SUCCESSFULLY!
[2026-07-24 10:52:40] [INFO] [SmartSchedulingPhase2:main_phase2.py:130] - Model Artifact:    D:\ma project\Smart-Machine-Scheduling-for-Energy-and-Process-Optimization\models\energy_xgb_model.joblib
[2026-07-24 10:52:40] [INFO] [SmartSchedulingPhase2:main_phase2.py:131] - Predictions CSV:   D:\ma project\Smart-Machine-Scheduling-for-Energy-and-Process-Optimization\outputs\forecasting\predictions.csv
[2026-07-24 10:52:40] [INFO] [SmartSchedulingPhase2:main_phase2.py:132] - Forecast Figures:  D:\ma project\Smart-Machine-Scheduling-for-Energy-and-Process-Optimization\outputs\forecasting
[2026-07-24 10:52:40] [INFO] [SmartSchedulingPhase2:main_phase2.py:133] - Summary Report:    D:\ma project\Smart-Machine-Scheduling-for-Energy-and-Process-Optimization\outputs\reports\forecasting_report.md
[2026-07-24 10:52:40] [INFO] [SmartSchedulingPhase2:main_phase2.py:134] - Ready for Phase 3: Machine Scheduling & Energy Cost Optimization.
[2026-07-24 10:52:40] [INFO] [SmartSchedulingPhase2:main_phase2.py:135] - ======================================================================
