[2026-07-23 23:00:12] [INFO] [SmartSchedulingPhase3:main_phase3.py:31] - ======================================================================
[2026-07-23 23:00:12] [INFO] [SmartSchedulingPhase3:main_phase3.py:32] - Starting Phase 3 Execution: Intelligent Machine Scheduling Engine
[2026-07-23 23:00:12] [INFO] [SmartSchedulingPhase3:main_phase3.py:33] - ======================================================================
[2026-07-23 23:00:12] [INFO] [SmartSchedulingPhase3:main_phase3.py:45] - Step 1/6: Loading Job specifications, Machine parameters, and Energy Rates...
[2026-07-23 23:00:13] [INFO] [SmartSchedulingPhase3:main_phase3.py:52] - Step 2/6: Executing baseline FCFS scheduler for benchmark comparison...
[2026-07-23 23:00:13] [INFO] [SmartSchedulingPhase3:main_phase3.py:60] - Step 3/6: Executing Google OR-Tools CP-SAT multi-objective optimizer...
[2026-07-23 23:00:13] [INFO] [SmartSchedulingPhase3:main_phase3.py:67] - Step 4/6: Generating scheduling visual analytics suite (Gantt, Timelines, Utilizations)...
[2026-07-23 23:00:21] [INFO] [SmartSchedulingPhase3:main_phase3.py:77] - Step 5/6: Exporting schedule CSV files and comparison matrices...
[2026-07-23 23:00:21] [INFO] [SmartSchedulingPhase3:main_phase3.py:86] - Step 6/6: Writing comprehensive markdown scheduling report...
[2026-07-23 23:00:21] [INFO] [SmartSchedulingPhase3:main_phase3.py:95] - ======================================================================
[2026-07-23 23:00:21] [INFO] [SmartSchedulingPhase3:main_phase3.py:96] - PHASE 3 EXECUTION COMPLETE SUCCESSFULLY!
[2026-07-23 23:00:21] [INFO] [SmartSchedulingPhase3:main_phase3.py:97] - Optimized Schedule CSV: D:\ma project\Smart-Machine-Scheduling-for-Energy-and-Process-Optimization\outputs\scheduling\optimized_schedule.csv
[2026-07-23 23:00:21] [INFO] [SmartSchedulingPhase3:main_phase3.py:98] - FCFS Baseline CSV:     D:\ma project\Smart-Machine-Scheduling-for-Energy-and-Process-Optimization\outputs\scheduling\fcfs_schedule.csv
[2026-07-23 23:00:21] [INFO] [SmartSchedulingPhase3:main_phase3.py:99] - KPI Summary CSV:       D:\ma project\Smart-Machine-Scheduling-for-Energy-and-Process-Optimization\outputs\scheduling\kpi_summary.csv
[2026-07-23 23:00:21] [INFO] [SmartSchedulingPhase3:main_phase3.py:100] - Comparison Matrix:     D:\ma project\Smart-Machine-Scheduling-for-Energy-and-Process-Optimization\outputs\scheduling\comparison_report.csv
[2026-07-23 23:00:21] [INFO] [SmartSchedulingPhase3:main_phase3.py:101] - Scheduling Figures:    D:\ma project\Smart-Machine-Scheduling-for-Energy-and-Process-Optimization\outputs\scheduling
[2026-07-23 23:00:21] [INFO] [SmartSchedulingPhase3:main_phase3.py:102] - Summary Report:        D:\ma project\Smart-Machine-Scheduling-for-Energy-and-Process-Optimization\outputs\reports\scheduling_report.md
[2026-07-23 23:00:21] [INFO] [SmartSchedulingPhase3:main_phase3.py:103] - Total Electricity Cost Savings: ₹0.00 (0.0% reduction)
[2026-07-23 23:00:21] [INFO] [SmartSchedulingPhase3:main_phase3.py:104] - Ready for Phase 4: Interactive Web Dashboard & Decision Support System.
[2026-07-23 23:00:21] [INFO] [SmartSchedulingPhase3:main_phase3.py:105] - ======================================================================
[2026-07-23 23:22:36] [INFO] [SmartSchedulingPhase3:main_phase3.py:31] - ======================================================================
[2026-07-23 23:22:36] [INFO] [SmartSchedulingPhase3:main_phase3.py:32] - Starting Phase 3 Execution: Intelligent Machine Scheduling Engine
[2026-07-23 23:22:36] [INFO] [SmartSchedulingPhase3:main_phase3.py:33] - ======================================================================
[2026-07-23 23:22:36] [INFO] [SmartSchedulingPhase3:main_phase3.py:45] - Step 1/6: Loading Job specifications, Machine parameters, and Energy Rates...
[2026-07-23 23:22:36] [INFO] [SmartSchedulingPhase3:main_phase3.py:52] - Step 2/6: Executing baseline FCFS scheduler for benchmark comparison...
[2026-07-23 23:22:36] [INFO] [SmartSchedulingPhase3:main_phase3.py:60] - Step 3/6: Executing Google OR-Tools CP-SAT multi-objective optimizer...
[2026-07-23 23:22:38] [INFO] [SmartSchedulingPhase3:main_phase3.py:67] - Step 4/6: Generating scheduling visual analytics suite (Gantt, Timelines, Utilizations)...
[2026-07-23 23:22:45] [INFO] [SmartSchedulingPhase3:main_phase3.py:77] - Step 5/6: Exporting schedule CSV files and comparison matrices...
[2026-07-23 23:22:45] [INFO] [SmartSchedulingPhase3:main_phase3.py:86] - Step 6/6: Writing comprehensive markdown scheduling report...
[2026-07-23 23:22:45] [INFO] [SmartSchedulingPhase3:main_phase3.py:95] - ======================================================================
[2026-07-23 23:22:45] [INFO] [SmartSchedulingPhase3:main_phase3.py:96] - PHASE 3 EXECUTION COMPLETE SUCCESSFULLY!
[2026-07-23 23:22:45] [INFO] [SmartSchedulingPhase3:main_phase3.py:97] - Optimized Schedule CSV: D:\ma project\Smart-Machine-Scheduling-for-Energy-and-Process-Optimization\outputs\scheduling\optimized_schedule.csv
[2026-07-23 23:22:45] [INFO] [SmartSchedulingPhase3:main_phase3.py:98] - FCFS Baseline CSV:     D:\ma project\Smart-Machine-Scheduling-for-Energy-and-Process-Optimization\outputs\scheduling\fcfs_schedule.csv
[2026-07-23 23:22:45] [INFO] [SmartSchedulingPhase3:main_phase3.py:99] - KPI Summary CSV:       D:\ma project\Smart-Machine-Scheduling-for-Energy-and-Process-Optimization\outputs\scheduling\kpi_summary.csv
[2026-07-23 23:22:45] [INFO] [SmartSchedulingPhase3:main_phase3.py:100] - Comparison Matrix:     D:\ma project\Smart-Machine-Scheduling-for-Energy-and-Process-Optimization\outputs\scheduling\comparison_report.csv
[2026-07-23 23:22:45] [INFO] [SmartSchedulingPhase3:main_phase3.py:101] - Scheduling Figures:    D:\ma project\Smart-Machine-Scheduling-for-Energy-and-Process-Optimization\outputs\scheduling
[2026-07-23 23:22:45] [INFO] [SmartSchedulingPhase3:main_phase3.py:102] - Summary Report:        D:\ma project\Smart-Machine-Scheduling-for-Energy-and-Process-Optimization\outputs\reports\scheduling_report.md
[2026-07-23 23:22:45] [INFO] [SmartSchedulingPhase3:main_phase3.py:103] - Total Electricity Cost Savings: ₹0.00 (0.0% reduction)
[2026-07-23 23:22:45] [INFO] [SmartSchedulingPhase3:main_phase3.py:104] - Ready for Phase 4: Interactive Web Dashboard & Decision Support System.
[2026-07-23 23:22:45] [INFO] [SmartSchedulingPhase3:main_phase3.py:105] - ======================================================================
[2026-07-24 09:45:07] [INFO] [SmartSchedulingPhase3:main_phase3.py:31] - ======================================================================
[2026-07-24 09:45:07] [INFO] [SmartSchedulingPhase3:main_phase3.py:32] - Starting Phase 3 Execution: Intelligent Machine Scheduling Engine
[2026-07-24 09:45:07] [INFO] [SmartSchedulingPhase3:main_phase3.py:33] - ======================================================================
[2026-07-24 09:45:07] [INFO] [SmartSchedulingPhase3:main_phase3.py:45] - Step 1/6: Loading Job specifications, Machine parameters, and Energy Rates...
[2026-07-24 09:45:07] [INFO] [SmartSchedulingPhase3:main_phase3.py:52] - Step 2/6: Executing baseline FCFS scheduler for benchmark comparison...
[2026-07-24 09:45:07] [INFO] [SmartSchedulingPhase3:main_phase3.py:60] - Step 3/6: Executing Google OR-Tools CP-SAT multi-objective optimizer...
[2026-07-24 09:46:09] [INFO] [SmartSchedulingPhase3:main_phase3.py:67] - Step 4/6: Generating scheduling visual analytics suite (Gantt, Timelines, Utilizations)...
[2026-07-24 09:46:15] [INFO] [SmartSchedulingPhase3:main_phase3.py:77] - Step 5/6: Exporting schedule CSV files and comparison matrices...
[2026-07-24 09:46:15] [INFO] [SmartSchedulingPhase3:main_phase3.py:86] - Step 6/6: Writing comprehensive markdown scheduling report...
[2026-07-24 09:46:15] [INFO] [SmartSchedulingPhase3:main_phase3.py:95] - ======================================================================
[2026-07-24 09:46:15] [INFO] [SmartSchedulingPhase3:main_phase3.py:96] - PHASE 3 EXECUTION COMPLETE SUCCESSFULLY!
[2026-07-24 09:46:15] [INFO] [SmartSchedulingPhase3:main_phase3.py:97] - Optimized Schedule CSV: D:\ma project\Smart-Machine-Scheduling-for-Energy-and-Process-Optimization\outputs\scheduling\optimized_schedule.csv
[2026-07-24 09:46:15] [INFO] [SmartSchedulingPhase3:main_phase3.py:98] - FCFS Baseline CSV:     D:\ma project\Smart-Machine-Scheduling-for-Energy-and-Process-Optimization\outputs\scheduling\fcfs_schedule.csv
[2026-07-24 09:46:15] [INFO] [SmartSchedulingPhase3:main_phase3.py:99] - KPI Summary CSV:       D:\ma project\Smart-Machine-Scheduling-for-Energy-and-Process-Optimization\outputs\scheduling\kpi_summary.csv
[2026-07-24 09:46:15] [INFO] [SmartSchedulingPhase3:main_phase3.py:100] - Comparison Matrix:     D:\ma project\Smart-Machine-Scheduling-for-Energy-and-Process-Optimization\outputs\scheduling\comparison_report.csv
[2026-07-24 09:46:15] [INFO] [SmartSchedulingPhase3:main_phase3.py:101] - Scheduling Figures:    D:\ma project\Smart-Machine-Scheduling-for-Energy-and-Process-Optimization\outputs\scheduling
[2026-07-24 09:46:15] [INFO] [SmartSchedulingPhase3:main_phase3.py:102] - Summary Report:        D:\ma project\Smart-Machine-Scheduling-for-Energy-and-Process-Optimization\outputs\reports\scheduling_report.md
[2026-07-24 09:46:15] [INFO] [SmartSchedulingPhase3:main_phase3.py:103] - Total Electricity Cost Savings: ₹0.00 (0.0% reduction)
[2026-07-24 09:46:15] [INFO] [SmartSchedulingPhase3:main_phase3.py:104] - Ready for Phase 4: Interactive Web Dashboard & Decision Support System.
[2026-07-24 09:46:15] [INFO] [SmartSchedulingPhase3:main_phase3.py:105] - ======================================================================
[2026-07-24 09:52:35] [INFO] [SmartSchedulingPhase3:main_phase3.py:31] - ======================================================================
[2026-07-24 09:52:35] [INFO] [SmartSchedulingPhase3:main_phase3.py:32] - Starting Phase 3 Execution: Intelligent Machine Scheduling Engine
[2026-07-24 09:52:35] [INFO] [SmartSchedulingPhase3:main_phase3.py:33] - ======================================================================
[2026-07-24 09:52:35] [INFO] [SmartSchedulingPhase3:main_phase3.py:45] - Step 1/6: Loading Job specifications, Machine parameters, and Energy Rates...
[2026-07-24 09:52:36] [INFO] [SmartSchedulingPhase3:main_phase3.py:52] - Step 2/6: Executing baseline FCFS scheduler for benchmark comparison...
[2026-07-24 09:52:36] [INFO] [SmartSchedulingPhase3:main_phase3.py:60] - Step 3/6: Executing Google OR-Tools CP-SAT multi-objective optimizer...
[2026-07-24 09:53:41] [INFO] [SmartSchedulingPhase3:main_phase3.py:67] - Step 4/6: Generating scheduling visual analytics suite (Gantt, Timelines, Utilizations)...
[2026-07-24 09:53:46] [INFO] [SmartSchedulingPhase3:main_phase3.py:77] - Step 5/6: Exporting schedule CSV files and comparison matrices...
[2026-07-24 09:53:46] [INFO] [SmartSchedulingPhase3:main_phase3.py:86] - Step 6/6: Writing comprehensive markdown scheduling report...
[2026-07-24 09:53:46] [INFO] [SmartSchedulingPhase3:main_phase3.py:95] - ======================================================================
[2026-07-24 09:53:46] [INFO] [SmartSchedulingPhase3:main_phase3.py:96] - PHASE 3 EXECUTION COMPLETE SUCCESSFULLY!
[2026-07-24 09:53:46] [INFO] [SmartSchedulingPhase3:main_phase3.py:97] - Optimized Schedule CSV: D:\ma project\Smart-Machine-Scheduling-for-Energy-and-Process-Optimization\outputs\scheduling\optimized_schedule.csv
[2026-07-24 09:53:46] [INFO] [SmartSchedulingPhase3:main_phase3.py:98] - FCFS Baseline CSV:     D:\ma project\Smart-Machine-Scheduling-for-Energy-and-Process-Optimization\outputs\scheduling\fcfs_schedule.csv
[2026-07-24 09:53:46] [INFO] [SmartSchedulingPhase3:main_phase3.py:99] - KPI Summary CSV:       D:\ma project\Smart-Machine-Scheduling-for-Energy-and-Process-Optimization\outputs\scheduling\kpi_summary.csv
[2026-07-24 09:53:46] [INFO] [SmartSchedulingPhase3:main_phase3.py:100] - Comparison Matrix:     D:\ma project\Smart-Machine-Scheduling-for-Energy-and-Process-Optimization\outputs\scheduling\comparison_report.csv
[2026-07-24 09:53:46] [INFO] [SmartSchedulingPhase3:main_phase3.py:101] - Scheduling Figures:    D:\ma project\Smart-Machine-Scheduling-for-Energy-and-Process-Optimization\outputs\scheduling
[2026-07-24 09:53:46] [INFO] [SmartSchedulingPhase3:main_phase3.py:102] - Summary Report:        D:\ma project\Smart-Machine-Scheduling-for-Energy-and-Process-Optimization\outputs\reports\scheduling_report.md
[2026-07-24 09:53:46] [INFO] [SmartSchedulingPhase3:main_phase3.py:103] - Total Electricity Cost Savings: ₹0.00 (0.0% reduction)
[2026-07-24 09:53:46] [INFO] [SmartSchedulingPhase3:main_phase3.py:104] - Ready for Phase 4: Interactive Web Dashboard & Decision Support System.
[2026-07-24 09:53:46] [INFO] [SmartSchedulingPhase3:main_phase3.py:105] - ======================================================================
[2026-07-24 09:59:59] [INFO] [SmartSchedulingPhase3:main_phase3.py:31] - ======================================================================
[2026-07-24 09:59:59] [INFO] [SmartSchedulingPhase3:main_phase3.py:32] - Starting Phase 3 Execution: Intelligent Machine Scheduling Engine
[2026-07-24 09:59:59] [INFO] [SmartSchedulingPhase3:main_phase3.py:33] - ======================================================================
[2026-07-24 09:59:59] [INFO] [SmartSchedulingPhase3:main_phase3.py:45] - Step 1/6: Loading Job specifications, Machine parameters, and Energy Rates...
[2026-07-24 10:00:00] [INFO] [SmartSchedulingPhase3:main_phase3.py:52] - Step 2/6: Executing baseline FCFS scheduler for benchmark comparison...
[2026-07-24 10:00:00] [INFO] [SmartSchedulingPhase3:main_phase3.py:60] - Step 3/6: Executing Google OR-Tools CP-SAT multi-objective optimizer...
[2026-07-24 10:01:04] [INFO] [SmartSchedulingPhase3:main_phase3.py:67] - Step 4/6: Generating scheduling visual analytics suite (Gantt, Timelines, Utilizations)...
[2026-07-24 10:01:09] [INFO] [SmartSchedulingPhase3:main_phase3.py:77] - Step 5/6: Exporting schedule CSV files and comparison matrices...
[2026-07-24 10:01:09] [INFO] [SmartSchedulingPhase3:main_phase3.py:86] - Step 6/6: Writing comprehensive markdown scheduling report...
[2026-07-24 10:01:09] [INFO] [SmartSchedulingPhase3:main_phase3.py:95] - ======================================================================
[2026-07-24 10:01:09] [INFO] [SmartSchedulingPhase3:main_phase3.py:96] - PHASE 3 EXECUTION COMPLETE SUCCESSFULLY!
[2026-07-24 10:01:09] [INFO] [SmartSchedulingPhase3:main_phase3.py:97] - Optimized Schedule CSV: D:\ma project\Smart-Machine-Scheduling-for-Energy-and-Process-Optimization\outputs\scheduling\optimized_schedule.csv
[2026-07-24 10:01:09] [INFO] [SmartSchedulingPhase3:main_phase3.py:98] - FCFS Baseline CSV:     D:\ma project\Smart-Machine-Scheduling-for-Energy-and-Process-Optimization\outputs\scheduling\fcfs_schedule.csv
[2026-07-24 10:01:09] [INFO] [SmartSchedulingPhase3:main_phase3.py:99] - KPI Summary CSV:       D:\ma project\Smart-Machine-Scheduling-for-Energy-and-Process-Optimization\outputs\scheduling\kpi_summary.csv
[2026-07-24 10:01:09] [INFO] [SmartSchedulingPhase3:main_phase3.py:100] - Comparison Matrix:     D:\ma project\Smart-Machine-Scheduling-for-Energy-and-Process-Optimization\outputs\scheduling\comparison_report.csv
[2026-07-24 10:01:09] [INFO] [SmartSchedulingPhase3:main_phase3.py:101] - Scheduling Figures:    D:\ma project\Smart-Machine-Scheduling-for-Energy-and-Process-Optimization\outputs\scheduling
[2026-07-24 10:01:09] [INFO] [SmartSchedulingPhase3:main_phase3.py:102] - Summary Report:        D:\ma project\Smart-Machine-Scheduling-for-Energy-and-Process-Optimization\outputs\reports\scheduling_report.md
[2026-07-24 10:01:09] [INFO] [SmartSchedulingPhase3:main_phase3.py:103] - Total Electricity Cost Savings: ₹0.00 (0.0% reduction)
[2026-07-24 10:01:09] [INFO] [SmartSchedulingPhase3:main_phase3.py:104] - Ready for Phase 4: Interactive Web Dashboard & Decision Support System.
[2026-07-24 10:01:09] [INFO] [SmartSchedulingPhase3:main_phase3.py:105] - ======================================================================
[2026-07-24 10:08:19] [INFO] [SmartSchedulingPhase3:main_phase3.py:31] - ======================================================================
[2026-07-24 10:08:19] [INFO] [SmartSchedulingPhase3:main_phase3.py:32] - Starting Phase 3 Execution: Intelligent Machine Scheduling Engine
[2026-07-24 10:08:19] [INFO] [SmartSchedulingPhase3:main_phase3.py:33] - ======================================================================
[2026-07-24 10:08:19] [INFO] [SmartSchedulingPhase3:main_phase3.py:45] - Step 1/6: Loading Job specifications, Machine parameters, and Energy Rates...
[2026-07-24 10:08:20] [INFO] [SmartSchedulingPhase3:main_phase3.py:52] - Step 2/6: Executing baseline FCFS scheduler for benchmark comparison...
[2026-07-24 10:08:20] [INFO] [SmartSchedulingPhase3:main_phase3.py:60] - Step 3/6: Executing Google OR-Tools CP-SAT multi-objective optimizer...
[2026-07-24 10:08:21] [INFO] [SmartSchedulingPhase3:main_phase3.py:67] - Step 4/6: Generating scheduling visual analytics suite (Gantt, Timelines, Utilizations)...
[2026-07-24 10:08:26] [INFO] [SmartSchedulingPhase3:main_phase3.py:77] - Step 5/6: Exporting schedule CSV files and comparison matrices...
[2026-07-24 10:08:26] [INFO] [SmartSchedulingPhase3:main_phase3.py:86] - Step 6/6: Writing comprehensive markdown scheduling report...
[2026-07-24 10:08:26] [INFO] [SmartSchedulingPhase3:main_phase3.py:95] - ======================================================================
[2026-07-24 10:08:26] [INFO] [SmartSchedulingPhase3:main_phase3.py:96] - PHASE 3 EXECUTION COMPLETE SUCCESSFULLY!
[2026-07-24 10:08:26] [INFO] [SmartSchedulingPhase3:main_phase3.py:97] - Optimized Schedule CSV: D:\ma project\Smart-Machine-Scheduling-for-Energy-and-Process-Optimization\outputs\scheduling\optimized_schedule.csv
[2026-07-24 10:08:26] [INFO] [SmartSchedulingPhase3:main_phase3.py:98] - FCFS Baseline CSV:     D:\ma project\Smart-Machine-Scheduling-for-Energy-and-Process-Optimization\outputs\scheduling\fcfs_schedule.csv
[2026-07-24 10:08:26] [INFO] [SmartSchedulingPhase3:main_phase3.py:99] - KPI Summary CSV:       D:\ma project\Smart-Machine-Scheduling-for-Energy-and-Process-Optimization\outputs\scheduling\kpi_summary.csv
[2026-07-24 10:08:26] [INFO] [SmartSchedulingPhase3:main_phase3.py:100] - Comparison Matrix:     D:\ma project\Smart-Machine-Scheduling-for-Energy-and-Process-Optimization\outputs\scheduling\comparison_report.csv
[2026-07-24 10:08:26] [INFO] [SmartSchedulingPhase3:main_phase3.py:101] - Scheduling Figures:    D:\ma project\Smart-Machine-Scheduling-for-Energy-and-Process-Optimization\outputs\scheduling
[2026-07-24 10:08:26] [INFO] [SmartSchedulingPhase3:main_phase3.py:102] - Summary Report:        D:\ma project\Smart-Machine-Scheduling-for-Energy-and-Process-Optimization\outputs\reports\scheduling_report.md
[2026-07-24 10:08:26] [INFO] [SmartSchedulingPhase3:main_phase3.py:103] - Total Electricity Cost Savings: ₹-3291.84 (-159.5% reduction)
[2026-07-24 10:08:26] [INFO] [SmartSchedulingPhase3:main_phase3.py:104] - Ready for Phase 4: Interactive Web Dashboard & Decision Support System.
[2026-07-24 10:08:26] [INFO] [SmartSchedulingPhase3:main_phase3.py:105] - ======================================================================
[2026-07-24 10:16:36] [INFO] [SmartSchedulingPhase3:main_phase3.py:31] - ======================================================================
[2026-07-24 10:16:36] [INFO] [SmartSchedulingPhase3:main_phase3.py:32] - Starting Phase 3 Execution: Intelligent Machine Scheduling Engine
[2026-07-24 10:16:36] [INFO] [SmartSchedulingPhase3:main_phase3.py:33] - ======================================================================
[2026-07-24 10:16:36] [INFO] [SmartSchedulingPhase3:main_phase3.py:45] - Step 1/6: Loading Job specifications, Machine parameters, and Energy Rates...
[2026-07-24 10:16:36] [INFO] [SmartSchedulingPhase3:main_phase3.py:52] - Step 2/6: Executing baseline FCFS scheduler for benchmark comparison...
[2026-07-24 10:16:36] [INFO] [SmartSchedulingPhase3:main_phase3.py:60] - Step 3/6: Executing Google OR-Tools CP-SAT multi-objective optimizer...
[2026-07-24 10:16:36] [INFO] [SmartSchedulingPhase3:main_phase3.py:67] - Step 4/6: Generating scheduling visual analytics suite (Gantt, Timelines, Utilizations)...
[2026-07-24 10:16:40] [INFO] [SmartSchedulingPhase3:main_phase3.py:77] - Step 5/6: Exporting schedule CSV files and comparison matrices...
[2026-07-24 10:16:40] [INFO] [SmartSchedulingPhase3:main_phase3.py:86] - Step 6/6: Writing comprehensive markdown scheduling report...
[2026-07-24 10:16:40] [INFO] [SmartSchedulingPhase3:main_phase3.py:95] - ======================================================================
[2026-07-24 10:16:40] [INFO] [SmartSchedulingPhase3:main_phase3.py:96] - PHASE 3 EXECUTION COMPLETE SUCCESSFULLY!
[2026-07-24 10:16:40] [INFO] [SmartSchedulingPhase3:main_phase3.py:97] - Optimized Schedule CSV: D:\ma project\Smart-Machine-Scheduling-for-Energy-and-Process-Optimization\outputs\scheduling\optimized_schedule.csv
[2026-07-24 10:16:40] [INFO] [SmartSchedulingPhase3:main_phase3.py:98] - FCFS Baseline CSV:     D:\ma project\Smart-Machine-Scheduling-for-Energy-and-Process-Optimization\outputs\scheduling\fcfs_schedule.csv
[2026-07-24 10:16:40] [INFO] [SmartSchedulingPhase3:main_phase3.py:99] - KPI Summary CSV:       D:\ma project\Smart-Machine-Scheduling-for-Energy-and-Process-Optimization\outputs\scheduling\kpi_summary.csv
[2026-07-24 10:16:40] [INFO] [SmartSchedulingPhase3:main_phase3.py:100] - Comparison Matrix:     D:\ma project\Smart-Machine-Scheduling-for-Energy-and-Process-Optimization\outputs\scheduling\comparison_report.csv
[2026-07-24 10:16:40] [INFO] [SmartSchedulingPhase3:main_phase3.py:101] - Scheduling Figures:    D:\ma project\Smart-Machine-Scheduling-for-Energy-and-Process-Optimization\outputs\scheduling
[2026-07-24 10:16:40] [INFO] [SmartSchedulingPhase3:main_phase3.py:102] - Summary Report:        D:\ma project\Smart-Machine-Scheduling-for-Energy-and-Process-Optimization\outputs\reports\scheduling_report.md
[2026-07-24 10:16:40] [INFO] [SmartSchedulingPhase3:main_phase3.py:103] - Total Electricity Cost Savings: ₹333.05 (21.6% reduction)
[2026-07-24 10:16:40] [INFO] [SmartSchedulingPhase3:main_phase3.py:104] - Ready for Phase 4: Interactive Web Dashboard & Decision Support System.
[2026-07-24 10:16:40] [INFO] [SmartSchedulingPhase3:main_phase3.py:105] - ======================================================================
[2026-07-24 10:27:00] [INFO] [SmartSchedulingPhase3:main_phase3.py:31] - ======================================================================
[2026-07-24 10:27:00] [INFO] [SmartSchedulingPhase3:main_phase3.py:32] - Starting Phase 3 Execution: Intelligent Machine Scheduling Engine
[2026-07-24 10:27:00] [INFO] [SmartSchedulingPhase3:main_phase3.py:33] - ======================================================================
[2026-07-24 10:27:00] [INFO] [SmartSchedulingPhase3:main_phase3.py:45] - Step 1/6: Loading Job specifications, Machine parameters, and Energy Rates...
[2026-07-24 10:27:01] [INFO] [SmartSchedulingPhase3:main_phase3.py:52] - Step 2/6: Executing baseline FCFS scheduler for benchmark comparison...
[2026-07-24 10:27:01] [INFO] [SmartSchedulingPhase3:main_phase3.py:60] - Step 3/6: Executing Google OR-Tools CP-SAT multi-objective optimizer...
[2026-07-24 10:27:01] [INFO] [SmartSchedulingPhase3:main_phase3.py:67] - Step 4/6: Generating scheduling visual analytics suite (Gantt, Timelines, Utilizations)...
[2026-07-24 10:27:04] [INFO] [SmartSchedulingPhase3:main_phase3.py:77] - Step 5/6: Exporting schedule CSV files and comparison matrices...
[2026-07-24 10:27:04] [INFO] [SmartSchedulingPhase3:main_phase3.py:86] - Step 6/6: Writing comprehensive markdown scheduling report...
[2026-07-24 10:27:04] [INFO] [SmartSchedulingPhase3:main_phase3.py:95] - ======================================================================
[2026-07-24 10:27:04] [INFO] [SmartSchedulingPhase3:main_phase3.py:96] - PHASE 3 EXECUTION COMPLETE SUCCESSFULLY!
[2026-07-24 10:27:04] [INFO] [SmartSchedulingPhase3:main_phase3.py:97] - Optimized Schedule CSV: D:\ma project\Smart-Machine-Scheduling-for-Energy-and-Process-Optimization\outputs\scheduling\optimized_schedule.csv
[2026-07-24 10:27:04] [INFO] [SmartSchedulingPhase3:main_phase3.py:98] - FCFS Baseline CSV:     D:\ma project\Smart-Machine-Scheduling-for-Energy-and-Process-Optimization\outputs\scheduling\fcfs_schedule.csv
[2026-07-24 10:27:04] [INFO] [SmartSchedulingPhase3:main_phase3.py:99] - KPI Summary CSV:       D:\ma project\Smart-Machine-Scheduling-for-Energy-and-Process-Optimization\outputs\scheduling\kpi_summary.csv
[2026-07-24 10:27:04] [INFO] [SmartSchedulingPhase3:main_phase3.py:100] - Comparison Matrix:     D:\ma project\Smart-Machine-Scheduling-for-Energy-and-Process-Optimization\outputs\scheduling\comparison_report.csv
[2026-07-24 10:27:04] [INFO] [SmartSchedulingPhase3:main_phase3.py:101] - Scheduling Figures:    D:\ma project\Smart-Machine-Scheduling-for-Energy-and-Process-Optimization\outputs\scheduling
[2026-07-24 10:27:04] [INFO] [SmartSchedulingPhase3:main_phase3.py:102] - Summary Report:        D:\ma project\Smart-Machine-Scheduling-for-Energy-and-Process-Optimization\outputs\reports\scheduling_report.md
[2026-07-24 10:27:04] [INFO] [SmartSchedulingPhase3:main_phase3.py:103] - Total Electricity Cost Savings: ₹753.06 (50.6% reduction)
[2026-07-24 10:27:04] [INFO] [SmartSchedulingPhase3:main_phase3.py:104] - Ready for Phase 4: Interactive Web Dashboard & Decision Support System.
[2026-07-24 10:27:04] [INFO] [SmartSchedulingPhase3:main_phase3.py:105] - ======================================================================
[2026-07-24 10:45:37] [INFO] [SmartSchedulingPhase3:main_phase3.py:31] - ======================================================================
[2026-07-24 10:45:37] [INFO] [SmartSchedulingPhase3:main_phase3.py:32] - Starting Phase 3 Execution: Intelligent Machine Scheduling Engine
[2026-07-24 10:45:37] [INFO] [SmartSchedulingPhase3:main_phase3.py:33] - ======================================================================
[2026-07-24 10:45:37] [INFO] [SmartSchedulingPhase3:main_phase3.py:45] - Step 1/6: Loading Job specifications, Machine parameters, and Energy Rates...
[2026-07-24 10:45:37] [INFO] [SmartSchedulingPhase3:main_phase3.py:52] - Step 2/6: Executing baseline FCFS scheduler for benchmark comparison...
[2026-07-24 10:45:37] [INFO] [SmartSchedulingPhase3:main_phase3.py:60] - Step 3/6: Executing Google OR-Tools CP-SAT multi-objective optimizer...
[2026-07-24 10:45:37] [INFO] [SmartSchedulingPhase3:main_phase3.py:67] - Step 4/6: Generating scheduling visual analytics suite (Gantt, Timelines, Utilizations)...
[2026-07-24 10:45:40] [INFO] [SmartSchedulingPhase3:main_phase3.py:77] - Step 5/6: Exporting schedule CSV files and comparison matrices...
[2026-07-24 10:45:40] [INFO] [SmartSchedulingPhase3:main_phase3.py:86] - Step 6/6: Writing comprehensive markdown scheduling report...
[2026-07-24 10:45:40] [INFO] [SmartSchedulingPhase3:main_phase3.py:95] - ======================================================================
[2026-07-24 10:45:40] [INFO] [SmartSchedulingPhase3:main_phase3.py:96] - PHASE 3 EXECUTION COMPLETE SUCCESSFULLY!
[2026-07-24 10:45:40] [INFO] [SmartSchedulingPhase3:main_phase3.py:97] - Optimized Schedule CSV: D:\ma project\Smart-Machine-Scheduling-for-Energy-and-Process-Optimization\outputs\scheduling\optimized_schedule.csv
[2026-07-24 10:45:40] [INFO] [SmartSchedulingPhase3:main_phase3.py:98] - FCFS Baseline CSV:     D:\ma project\Smart-Machine-Scheduling-for-Energy-and-Process-Optimization\outputs\scheduling\fcfs_schedule.csv
[2026-07-24 10:45:40] [INFO] [SmartSchedulingPhase3:main_phase3.py:99] - KPI Summary CSV:       D:\ma project\Smart-Machine-Scheduling-for-Energy-and-Process-Optimization\outputs\scheduling\kpi_summary.csv
[2026-07-24 10:45:40] [INFO] [SmartSchedulingPhase3:main_phase3.py:100] - Comparison Matrix:     D:\ma project\Smart-Machine-Scheduling-for-Energy-and-Process-Optimization\outputs\scheduling\comparison_report.csv
[2026-07-24 10:45:40] [INFO] [SmartSchedulingPhase3:main_phase3.py:101] - Scheduling Figures:    D:\ma project\Smart-Machine-Scheduling-for-Energy-and-Process-Optimization\outputs\scheduling
[2026-07-24 10:45:40] [INFO] [SmartSchedulingPhase3:main_phase3.py:102] - Summary Report:        D:\ma project\Smart-Machine-Scheduling-for-Energy-and-Process-Optimization\outputs\reports\scheduling_report.md
[2026-07-24 10:45:40] [INFO] [SmartSchedulingPhase3:main_phase3.py:103] - Total Electricity Cost Savings: ₹122.90 (8.3% reduction)
[2026-07-24 10:45:40] [INFO] [SmartSchedulingPhase3:main_phase3.py:104] - Ready for Phase 4: Interactive Web Dashboard & Decision Support System.
[2026-07-24 10:45:40] [INFO] [SmartSchedulingPhase3:main_phase3.py:105] - ======================================================================
[2026-07-24 10:48:12] [INFO] [SmartSchedulingPhase3:main_phase3.py:31] - ======================================================================
[2026-07-24 10:48:12] [INFO] [SmartSchedulingPhase3:main_phase3.py:32] - Starting Phase 3 Execution: Intelligent Machine Scheduling Engine
[2026-07-24 10:48:12] [INFO] [SmartSchedulingPhase3:main_phase3.py:33] - ======================================================================
[2026-07-24 10:48:12] [INFO] [SmartSchedulingPhase3:main_phase3.py:45] - Step 1/6: Loading Job specifications, Machine parameters, and Energy Rates...
[2026-07-24 10:48:12] [INFO] [SmartSchedulingPhase3:main_phase3.py:52] - Step 2/6: Executing baseline FCFS scheduler for benchmark comparison...
[2026-07-24 10:48:12] [INFO] [SmartSchedulingPhase3:main_phase3.py:60] - Step 3/6: Executing Google OR-Tools CP-SAT multi-objective optimizer...
[2026-07-24 10:48:12] [INFO] [SmartSchedulingPhase3:main_phase3.py:67] - Step 4/6: Generating scheduling visual analytics suite (Gantt, Timelines, Utilizations)...
[2026-07-24 10:48:15] [INFO] [SmartSchedulingPhase3:main_phase3.py:77] - Step 5/6: Exporting schedule CSV files and comparison matrices...
[2026-07-24 10:48:15] [INFO] [SmartSchedulingPhase3:main_phase3.py:86] - Step 6/6: Writing comprehensive markdown scheduling report...
[2026-07-24 10:48:15] [INFO] [SmartSchedulingPhase3:main_phase3.py:95] - ======================================================================
[2026-07-24 10:48:15] [INFO] [SmartSchedulingPhase3:main_phase3.py:96] - PHASE 3 EXECUTION COMPLETE SUCCESSFULLY!
[2026-07-24 10:48:15] [INFO] [SmartSchedulingPhase3:main_phase3.py:97] - Optimized Schedule CSV: D:\ma project\Smart-Machine-Scheduling-for-Energy-and-Process-Optimization\outputs\scheduling\optimized_schedule.csv
[2026-07-24 10:48:15] [INFO] [SmartSchedulingPhase3:main_phase3.py:98] - FCFS Baseline CSV:     D:\ma project\Smart-Machine-Scheduling-for-Energy-and-Process-Optimization\outputs\scheduling\fcfs_schedule.csv
[2026-07-24 10:48:15] [INFO] [SmartSchedulingPhase3:main_phase3.py:99] - KPI Summary CSV:       D:\ma project\Smart-Machine-Scheduling-for-Energy-and-Process-Optimization\outputs\scheduling\kpi_summary.csv
[2026-07-24 10:48:15] [INFO] [SmartSchedulingPhase3:main_phase3.py:100] - Comparison Matrix:     D:\ma project\Smart-Machine-Scheduling-for-Energy-and-Process-Optimization\outputs\scheduling\comparison_report.csv
[2026-07-24 10:48:15] [INFO] [SmartSchedulingPhase3:main_phase3.py:101] - Scheduling Figures:    D:\ma project\Smart-Machine-Scheduling-for-Energy-and-Process-Optimization\outputs\scheduling
[2026-07-24 10:48:15] [INFO] [SmartSchedulingPhase3:main_phase3.py:102] - Summary Report:        D:\ma project\Smart-Machine-Scheduling-for-Energy-and-Process-Optimization\outputs\reports\scheduling_report.md
[2026-07-24 10:48:15] [INFO] [SmartSchedulingPhase3:main_phase3.py:103] - Total Electricity Cost Savings: ₹122.90 (8.3% reduction)
[2026-07-24 10:48:15] [INFO] [SmartSchedulingPhase3:main_phase3.py:104] - Ready for Phase 4: Interactive Web Dashboard & Decision Support System.
[2026-07-24 10:48:15] [INFO] [SmartSchedulingPhase3:main_phase3.py:105] - ======================================================================
[2026-07-24 10:52:40] [INFO] [SmartSchedulingPhase3:main_phase3.py:31] - ======================================================================
[2026-07-24 10:52:40] [INFO] [SmartSchedulingPhase3:main_phase3.py:32] - Starting Phase 3 Execution: Intelligent Machine Scheduling Engine
[2026-07-24 10:52:40] [INFO] [SmartSchedulingPhase3:main_phase3.py:33] - ======================================================================
[2026-07-24 10:52:40] [INFO] [SmartSchedulingPhase3:main_phase3.py:45] - Step 1/6: Loading Job specifications, Machine parameters, and Energy Rates...
[2026-07-24 10:52:40] [INFO] [SmartSchedulingPhase3:main_phase3.py:52] - Step 2/6: Executing baseline FCFS scheduler for benchmark comparison...
[2026-07-24 10:52:40] [INFO] [SmartSchedulingPhase3:main_phase3.py:60] - Step 3/6: Executing Google OR-Tools CP-SAT multi-objective optimizer...
[2026-07-24 10:52:40] [INFO] [SmartSchedulingPhase3:main_phase3.py:67] - Step 4/6: Generating scheduling visual analytics suite (Gantt, Timelines, Utilizations)...
[2026-07-24 10:52:43] [INFO] [SmartSchedulingPhase3:main_phase3.py:77] - Step 5/6: Exporting schedule CSV files and comparison matrices...
[2026-07-24 10:52:43] [INFO] [SmartSchedulingPhase3:main_phase3.py:86] - Step 6/6: Writing comprehensive markdown scheduling report...
[2026-07-24 10:52:43] [INFO] [SmartSchedulingPhase3:main_phase3.py:95] - ======================================================================
[2026-07-24 10:52:43] [INFO] [SmartSchedulingPhase3:main_phase3.py:96] - PHASE 3 EXECUTION COMPLETE SUCCESSFULLY!
[2026-07-24 10:52:43] [INFO] [SmartSchedulingPhase3:main_phase3.py:97] - Optimized Schedule CSV: D:\ma project\Smart-Machine-Scheduling-for-Energy-and-Process-Optimization\outputs\scheduling\optimized_schedule.csv
[2026-07-24 10:52:43] [INFO] [SmartSchedulingPhase3:main_phase3.py:98] - FCFS Baseline CSV:     D:\ma project\Smart-Machine-Scheduling-for-Energy-and-Process-Optimization\outputs\scheduling\fcfs_schedule.csv
[2026-07-24 10:52:43] [INFO] [SmartSchedulingPhase3:main_phase3.py:99] - KPI Summary CSV:       D:\ma project\Smart-Machine-Scheduling-for-Energy-and-Process-Optimization\outputs\scheduling\kpi_summary.csv
[2026-07-24 10:52:43] [INFO] [SmartSchedulingPhase3:main_phase3.py:100] - Comparison Matrix:     D:\ma project\Smart-Machine-Scheduling-for-Energy-and-Process-Optimization\outputs\scheduling\comparison_report.csv
[2026-07-24 10:52:43] [INFO] [SmartSchedulingPhase3:main_phase3.py:101] - Scheduling Figures:    D:\ma project\Smart-Machine-Scheduling-for-Energy-and-Process-Optimization\outputs\scheduling
[2026-07-24 10:52:43] [INFO] [SmartSchedulingPhase3:main_phase3.py:102] - Summary Report:        D:\ma project\Smart-Machine-Scheduling-for-Energy-and-Process-Optimization\outputs\reports\scheduling_report.md
[2026-07-24 10:52:43] [INFO] [SmartSchedulingPhase3:main_phase3.py:103] - Total Electricity Cost Savings: ₹0.86 (0.1% reduction)
[2026-07-24 10:52:43] [INFO] [SmartSchedulingPhase3:main_phase3.py:104] - Ready for Phase 4: Interactive Web Dashboard & Decision Support System.
[2026-07-24 10:52:43] [INFO] [SmartSchedulingPhase3:main_phase3.py:105] - ======================================================================
